2020-10-19 14:54:19.743  INFO 7684 --- [restartedMain] c.t.org.SpringBootActuatorApplication    : Starting SpringBootActuatorApplication on LAPTOP-T27K1240 with PID 7684 (C:\Users\CHAITANYA23\Desktop\SpringBoot\SpringBootActuator\target\classes started by CHAITANYA23 in C:\Users\CHAITANYA23\Desktop\SpringBoot\SpringBootActuator)
2020-10-19 14:54:19.743  INFO 7684 --- [restartedMain] c.t.org.SpringBootActuatorApplication    : No active profile set, falling back to default profiles: default
2020-10-19 14:54:19.966  INFO 7684 --- [restartedMain] o.s.b.w.embedded.tomcat.TomcatWebServer  : Tomcat initialized with port(s): 8082 (http)
2020-10-19 14:54:19.967  INFO 7684 --- [restartedMain] o.apache.catalina.core.StandardService   : Starting service [Tomcat]
2020-10-19 14:54:19.967  INFO 7684 --- [restartedMain] org.apache.catalina.core.StandardEngine  : Starting Servlet engine: [Apache Tomcat/9.0.38]
2020-10-19 14:54:19.983  INFO 7684 --- [restartedMain] o.a.c.c.C.[Tomcat].[localhost].[/]       : Initializing Spring embedded WebApplicationContext
2020-10-19 14:54:19.983  INFO 7684 --- [restartedMain] w.s.c.ServletWebServerApplicationContext : Root WebApplicationContext: initialization completed in 237 ms
2020-10-19 14:54:20.030  INFO 7684 --- [restartedMain] o.s.s.concurrent.ThreadPoolTaskExecutor  : Initializing ExecutorService 'applicationTaskExecutor'
2020-10-19 14:54:20.093  INFO 7684 --- [restartedMain] o.s.b.d.a.OptionalLiveReloadServer       : LiveReload server is running on port 35729
2020-10-19 14:54:20.095  INFO 7684 --- [restartedMain] o.s.b.a.e.web.EndpointLinksResolver      : Exposing 15 endpoint(s) beneath base path '/actuator'
2020-10-19 14:54:20.106  INFO 7684 --- [restartedMain] o.s.b.w.embedded.tomcat.TomcatWebServer  : Tomcat started on port(s): 8082 (http) with context path ''
2020-10-19 14:54:20.111  INFO 7684 --- [restartedMain] c.t.org.SpringBootActuatorApplication    : Started SpringBootActuatorApplication in 0.443 seconds (JVM running for 16794.577)
2020-10-19 14:54:20.115  INFO 7684 --- [restartedMain] .ConditionEvaluationDeltaLoggingListener : Condition evaluation delta:


==========================
CONDITION EVALUATION DELTA
==========================


Positive matches:
-----------------

   LogFileWebEndpointAutoConfiguration#logFileWebEndpoint matched:
      - Log File found logging.file.name logs/mylog.log (LogFileWebEndpointAutoConfiguration.LogFileCondition)
      - @ConditionalOnMissingBean (types: org.springframework.boot.actuate.logging.LogFileWebEndpoint; SearchStrategy: all) did not find any beans (OnBeanCondition)


Negative matches:
-----------------

    None


Exclusions:
-----------

    None


Unconditional classes:
----------------------

    None



2020-10-19 14:54:23.042  INFO 7684 --- [http-nio-8082-exec-1] o.a.c.c.C.[Tomcat].[localhost].[/]       : Initializing Spring DispatcherServlet 'dispatcherServlet'
2020-10-19 14:54:23.043  INFO 7684 --- [http-nio-8082-exec-1] o.s.web.servlet.DispatcherServlet        : Initializing Servlet 'dispatcherServlet'
2020-10-19 14:54:23.044  INFO 7684 --- [http-nio-8082-exec-1] o.s.web.servlet.DispatcherServlet        : Completed initialization in 1 ms
2020-10-19 15:05:02.766  INFO 7684 --- [Thread-23] o.s.s.concurrent.ThreadPoolTaskExecutor  : Shutting down ExecutorService 'applicationTaskExecutor'
2020-10-19 15:05:02.832  INFO 7684 --- [restartedMain] c.t.org.SpringBootActuatorApplication    : Starting SpringBootActuatorApplication on LAPTOP-T27K1240 with PID 7684 (C:\Users\CHAITANYA23\Desktop\SpringBoot\SpringBootActuator\target\classes started by CHAITANYA23 in C:\Users\CHAITANYA23\Desktop\SpringBoot\SpringBootActuator)
2020-10-19 15:05:02.833  INFO 7684 --- [restartedMain] c.t.org.SpringBootActuatorApplication    : No active profile set, falling back to default profiles: default
2020-10-19 15:05:03.045  INFO 7684 --- [restartedMain] o.s.b.w.embedded.tomcat.TomcatWebServer  : Tomcat initialized with port(s): 8082 (http)
2020-10-19 15:05:03.046  INFO 7684 --- [restartedMain] o.apache.catalina.core.StandardService   : Starting service [Tomcat]
2020-10-19 15:05:03.046  INFO 7684 --- [restartedMain] org.apache.catalina.core.StandardEngine  : Starting Servlet engine: [Apache Tomcat/9.0.38]
2020-10-19 15:05:03.084  INFO 7684 --- [restartedMain] o.a.c.c.C.[Tomcat].[localhost].[/]       : Initializing Spring embedded WebApplicationContext
2020-10-19 15:05:03.084  INFO 7684 --- [restartedMain] w.s.c.ServletWebServerApplicationContext : Root WebApplicationContext: initialization completed in 250 ms
2020-10-19 15:05:03.128  INFO 7684 --- [restartedMain] o.s.s.concurrent.ThreadPoolTaskExecutor  : Initializing ExecutorService 'applicationTaskExecutor'
2020-10-19 15:05:03.186  INFO 7684 --- [restartedMain] o.s.b.d.a.OptionalLiveReloadServer       : LiveReload server is running on port 35729
2020-10-19 15:05:03.188  INFO 7684 --- [restartedMain] o.s.b.a.e.web.EndpointLinksResolver      : Exposing 15 endpoint(s) beneath base path '/actuator'
2020-10-19 15:05:03.198  INFO 7684 --- [restartedMain] o.s.b.w.embedded.tomcat.TomcatWebServer  : Tomcat started on port(s): 8082 (http) with context path ''
2020-10-19 15:05:03.204  INFO 7684 --- [restartedMain] c.t.org.SpringBootActuatorApplication    : Started SpringBootActuatorApplication in 0.405 seconds (JVM running for 17437.67)
2020-10-19 15:05:03.205  INFO 7684 --- [restartedMain] .ConditionEvaluationDeltaLoggingListener : Condition evaluation unchanged
2020-10-19 15:05:03.343  INFO 7684 --- [http-nio-8082-exec-1] o.a.c.c.C.[Tomcat].[localhost].[/]       : Initializing Spring DispatcherServlet 'dispatcherServlet'
2020-10-19 15:05:03.343  INFO 7684 --- [http-nio-8082-exec-1] o.s.web.servlet.DispatcherServlet        : Initializing Servlet 'dispatcherServlet'
2020-10-19 15:05:03.345  INFO 7684 --- [http-nio-8082-exec-1] o.s.web.servlet.DispatcherServlet        : Completed initialization in 2 ms
2020-10-19 15:12:11.094  INFO 7684 --- [Thread-28] o.s.s.concurrent.ThreadPoolTaskExecutor  : Shutting down ExecutorService 'applicationTaskExecutor'
